<?xml version="1.0" encoding="UTF-8"?>
<!-- Generated by org.testng.reporters.JUnitXMLReporter -->
<testsuite hostname="INsaikrisv.local" name="Command line test" tests="4" failures="2" timestamp="16 Nov 2015 21:15:36 GMT" time="0.17" errors="0">
  <testcase name="testApp4 on [Sample2Test passed=0 failed=0 skipped=0]" time="0.001" classname="com.test.sample.Sample2Test">
    <failure type="java.lang.AssertionError">
      <![CDATA[java.lang.AssertionError: 
	at com.test.sample.Sample2Test.testApp4(Sample2Test.java:13)
	at com.test.sample.Runner.testRunnerTestNg(Runner.java:42)
	at com.test.sample.Runner$1.run(Runner.java:25)
	at java.util.concurrent.Executors$RunnableAdapter.call(Executors.java:511)
	at java.util.concurrent.FutureTask.run(FutureTask.java:266)
	at java.util.concurrent.ThreadPoolExecutor.runWorker(ThreadPoolExecutor.java:1142)
	at java.util.concurrent.ThreadPoolExecutor$Worker.run(ThreadPoolExecutor.java:617)
	at java.lang.Thread.run(Thread.java:745)
... Removed 24 stack frames]]>
    </failure>
  </testcase> <!-- testApp4 on [Sample2Test passed=0 failed=0 skipped=0] -->
  <testcase name="testApp5 on [Sample2Test passed=0 failed=0 skipped=0]" time="0.0" classname="com.test.sample.Sample2Test"/>
  <testcase name="testApp6 on [Sample2Test passed=0 failed=0 skipped=0]" time="0.0" classname="com.test.sample.Sample2Test">
    <failure type="java.lang.AssertionError">
      <![CDATA[java.lang.AssertionError: 
	at com.test.sample.Sample2Test.testApp6(Sample2Test.java:23)
	at com.test.sample.Runner.testRunnerTestNg(Runner.java:42)
	at com.test.sample.Runner$1.run(Runner.java:25)
	at java.util.concurrent.Executors$RunnableAdapter.call(Executors.java:511)
	at java.util.concurrent.FutureTask.run(FutureTask.java:266)
	at java.util.concurrent.ThreadPoolExecutor.runWorker(ThreadPoolExecutor.java:1142)
	at java.util.concurrent.ThreadPoolExecutor$Worker.run(ThreadPoolExecutor.java:617)
	at java.lang.Thread.run(Thread.java:745)
... Removed 24 stack frames]]>
    </failure>
  </testcase> <!-- testApp6 on [Sample2Test passed=0 failed=0 skipped=0] -->
  <testcase name="testApp7 on [Sample2Test passed=0 failed=0 skipped=0]" time="0.0" classname="com.test.sample.Sample2Test"/>
</testsuite> <!-- Command line test -->
