<?xml version="1.0" encoding="UTF-8"?>
<testng-results skipped="0" failed="4" total="8" passed="4">
  <reporter-output>
  </reporter-output>
  <suite name="Suite" duration-ms="195" started-at="2015-11-16T22:32:12Z" finished-at="2015-11-16T22:32:12Z">
    <groups>
    </groups>
    <test name="Test" duration-ms="195" started-at="2015-11-16T22:32:12Z" finished-at="2015-11-16T22:32:12Z">
      <class name="com.test.sample.Sample2Test">
        <test-method status="PASS" signature="beforeMethod(java.lang.reflect.Method)[pri:0, instance:[Sample2Test passed=0 failed=0 skipped=0]]" name="beforeMethod" is-config="true" duration-ms="131" started-at="2015-11-17T04:02:12Z" finished-at="2015-11-17T04:02:12Z">
          <params>
            <param index="0">
              <value>
                <![CDATA[public void com.test.sample.Sample2Test.testApp4()]]>
              </value>
            </param>
          </params>
          <reporter-output>
          </reporter-output>
        </test-method> <!-- beforeMethod -->
        <test-method status="FAIL" signature="testApp4()[pri:0, instance:[Sample2Test passed=0 failed=0 skipped=0]]" name="testApp4" duration-ms="1" started-at="2015-11-17T04:02:12Z" finished-at="2015-11-17T04:02:12Z">
          <exception class="java.lang.AssertionError">
            <full-stacktrace>
              <![CDATA[java.lang.AssertionError: 
	at org.testng.AssertJUnit.fail(AssertJUnit.java:59)
	at org.testng.AssertJUnit.assertTrue(AssertJUnit.java:24)
	at org.testng.AssertJUnit.assertTrue(AssertJUnit.java:33)
	at com.test.sample.Sample2Test.testApp4(Sample2Test.java:13)
	at sun.reflect.NativeMethodAccessorImpl.invoke0(Native Method)
	at sun.reflect.NativeMethodAccessorImpl.invoke(NativeMethodAccessorImpl.java:62)
	at sun.reflect.DelegatingMethodAccessorImpl.invoke(DelegatingMethodAccessorImpl.java:43)
	at java.lang.reflect.Method.invoke(Method.java:497)
	at org.testng.internal.MethodInvocationHelper.invokeMethod(MethodInvocationHelper.java:85)
	at org.testng.internal.Invoker.invokeMethod(Invoker.java:648)
	at org.testng.internal.Invoker.invokeTestMethod(Invoker.java:834)
	at org.testng.internal.Invoker.invokeTestMethods(Invoker.java:1142)
	at org.testng.internal.TestMethodWorker.invokeTestMethods(TestMethodWorker.java:124)
	at org.testng.internal.TestMethodWorker.run(TestMethodWorker.java:108)
	at java.util.concurrent.ThreadPoolExecutor.runWorker(ThreadPoolExecutor.java:1142)
	at java.util.concurrent.ThreadPoolExecutor$Worker.run(ThreadPoolExecutor.java:617)
	at java.lang.Thread.run(Thread.java:745)
]]>
            </full-stacktrace>
          </exception> <!-- java.lang.AssertionError -->
          <reporter-output>
          </reporter-output>
        </test-method> <!-- testApp4 -->
        <test-method status="PASS" signature="afterMethod(java.lang.reflect.Method)[pri:0, instance:[Sample2Test passed=0 failed=0 skipped=0]]" name="afterMethod" is-config="true" duration-ms="20" started-at="2015-11-17T04:02:12Z" finished-at="2015-11-17T04:02:12Z">
          <params>
            <param index="0">
              <value>
                <![CDATA[public void com.test.sample.Sample2Test.testApp4()]]>
              </value>
            </param>
          </params>
          <reporter-output>
          </reporter-output>
        </test-method> <!-- afterMethod -->
        <test-method status="PASS" signature="beforeMethod(java.lang.reflect.Method)[pri:0, instance:[Sample2Test passed=0 failed=0 skipped=0]]" name="beforeMethod" is-config="true" duration-ms="4" started-at="2015-11-17T04:02:12Z" finished-at="2015-11-17T04:02:12Z">
          <params>
            <param index="0">
              <value>
                <![CDATA[public void com.test.sample.Sample2Test.testApp5()]]>
              </value>
            </param>
          </params>
          <reporter-output>
          </reporter-output>
        </test-method> <!-- beforeMethod -->
        <test-method status="PASS" signature="testApp5()[pri:0, instance:[Sample2Test passed=0 failed=0 skipped=0]]" name="testApp5" duration-ms="0" started-at="2015-11-17T04:02:12Z" finished-at="2015-11-17T04:02:12Z">
          <reporter-output>
          </reporter-output>
        </test-method> <!-- testApp5 -->
        <test-method status="PASS" signature="afterMethod(java.lang.reflect.Method)[pri:0, instance:[Sample2Test passed=0 failed=0 skipped=0]]" name="afterMethod" is-config="true" duration-ms="4" started-at="2015-11-17T04:02:12Z" finished-at="2015-11-17T04:02:12Z">
          <params>
            <param index="0">
              <value>
                <![CDATA[public void com.test.sample.Sample2Test.testApp5()]]>
              </value>
            </param>
          </params>
          <reporter-output>
          </reporter-output>
        </test-method> <!-- afterMethod -->
        <test-method status="PASS" signature="beforeMethod(java.lang.reflect.Method)[pri:0, instance:[Sample2Test passed=0 failed=0 skipped=0]]" name="beforeMethod" is-config="true" duration-ms="4" started-at="2015-11-17T04:02:12Z" finished-at="2015-11-17T04:02:12Z">
          <params>
            <param index="0">
              <value>
                <![CDATA[public void com.test.sample.Sample2Test.testApp6()]]>
              </value>
            </param>
          </params>
          <reporter-output>
          </reporter-output>
        </test-method> <!-- beforeMethod -->
        <test-method status="PASS" signature="afterMethod(java.lang.reflect.Method)[pri:0, instance:[Sample2Test passed=0 failed=0 skipped=0]]" name="afterMethod" is-config="true" duration-ms="4" started-at="2015-11-17T04:02:12Z" finished-at="2015-11-17T04:02:12Z">
          <params>
            <param index="0">
              <value>
                <![CDATA[public void com.test.sample.Sample2Test.testApp6()]]>
              </value>
            </param>
          </params>
          <reporter-output>
          </reporter-output>
        </test-method> <!-- afterMethod -->
        <test-method status="FAIL" signature="testApp6()[pri:0, instance:[Sample2Test passed=0 failed=0 skipped=0]]" name="testApp6" duration-ms="0" started-at="2015-11-17T04:02:12Z" finished-at="2015-11-17T04:02:12Z">
          <exception class="java.lang.AssertionError">
            <full-stacktrace>
              <![CDATA[java.lang.AssertionError: 
	at org.testng.AssertJUnit.fail(AssertJUnit.java:59)
	at org.testng.AssertJUnit.assertTrue(AssertJUnit.java:24)
	at org.testng.AssertJUnit.assertTrue(AssertJUnit.java:33)
	at com.test.sample.Sample2Test.testApp6(Sample2Test.java:23)
	at sun.reflect.NativeMethodAccessorImpl.invoke0(Native Method)
	at sun.reflect.NativeMethodAccessorImpl.invoke(NativeMethodAccessorImpl.java:62)
	at sun.reflect.DelegatingMethodAccessorImpl.invoke(DelegatingMethodAccessorImpl.java:43)
	at java.lang.reflect.Method.invoke(Method.java:497)
	at org.testng.internal.MethodInvocationHelper.invokeMethod(MethodInvocationHelper.java:85)
	at org.testng.internal.Invoker.invokeMethod(Invoker.java:648)
	at org.testng.internal.Invoker.invokeTestMethod(Invoker.java:834)
	at org.testng.internal.Invoker.invokeTestMethods(Invoker.java:1142)
	at org.testng.internal.TestMethodWorker.invokeTestMethods(TestMethodWorker.java:124)
	at org.testng.internal.TestMethodWorker.run(TestMethodWorker.java:108)
	at java.util.concurrent.ThreadPoolExecutor.runWorker(ThreadPoolExecutor.java:1142)
	at java.util.concurrent.ThreadPoolExecutor$Worker.run(ThreadPoolExecutor.java:617)
	at java.lang.Thread.run(Thread.java:745)
]]>
            </full-stacktrace>
          </exception> <!-- java.lang.AssertionError -->
          <reporter-output>
          </reporter-output>
        </test-method> <!-- testApp6 -->
        <test-method status="PASS" signature="beforeMethod(java.lang.reflect.Method)[pri:0, instance:[Sample2Test passed=0 failed=0 skipped=0]]" name="beforeMethod" is-config="true" duration-ms="1" started-at="2015-11-17T04:02:12Z" finished-at="2015-11-17T04:02:12Z">
          <params>
            <param index="0">
              <value>
                <![CDATA[public void com.test.sample.Sample2Test.testApp7()]]>
              </value>
            </param>
          </params>
          <reporter-output>
          </reporter-output>
        </test-method> <!-- beforeMethod -->
        <test-method status="PASS" signature="testApp7()[pri:0, instance:[Sample2Test passed=0 failed=0 skipped=0]]" name="testApp7" duration-ms="0" started-at="2015-11-17T04:02:12Z" finished-at="2015-11-17T04:02:12Z">
          <reporter-output>
          </reporter-output>
        </test-method> <!-- testApp7 -->
        <test-method status="PASS" signature="afterMethod(java.lang.reflect.Method)[pri:0, instance:[Sample2Test passed=0 failed=0 skipped=0]]" name="afterMethod" is-config="true" duration-ms="3" started-at="2015-11-17T04:02:12Z" finished-at="2015-11-17T04:02:12Z">
          <params>
            <param index="0">
              <value>
                <![CDATA[public void com.test.sample.Sample2Test.testApp7()]]>
              </value>
            </param>
          </params>
          <reporter-output>
          </reporter-output>
        </test-method> <!-- afterMethod -->
      </class> <!-- com.test.sample.Sample2Test -->
      <class name="com.test.sample.SampleTest">
        <test-method status="PASS" signature="beforeMethod(java.lang.reflect.Method)[pri:0, instance:[SampleTest passed=0 failed=0 skipped=0]]" name="beforeMethod" is-config="true" duration-ms="131" started-at="2015-11-17T04:02:12Z" finished-at="2015-11-17T04:02:12Z">
          <params>
            <param index="0">
              <value>
                <![CDATA[public void com.test.sample.SampleTest.testApp()]]>
              </value>
            </param>
          </params>
          <reporter-output>
          </reporter-output>
        </test-method> <!-- beforeMethod -->
        <test-method status="FAIL" signature="testApp()[pri:0, instance:[SampleTest passed=0 failed=0 skipped=0]]" name="testApp" duration-ms="1" started-at="2015-11-17T04:02:12Z" finished-at="2015-11-17T04:02:12Z">
          <exception class="java.lang.AssertionError">
            <full-stacktrace>
              <![CDATA[java.lang.AssertionError: 
	at org.testng.AssertJUnit.fail(AssertJUnit.java:59)
	at org.testng.AssertJUnit.assertTrue(AssertJUnit.java:24)
	at org.testng.AssertJUnit.assertTrue(AssertJUnit.java:33)
	at com.test.sample.SampleTest.testApp(SampleTest.java:15)
	at sun.reflect.NativeMethodAccessorImpl.invoke0(Native Method)
	at sun.reflect.NativeMethodAccessorImpl.invoke(NativeMethodAccessorImpl.java:62)
	at sun.reflect.DelegatingMethodAccessorImpl.invoke(DelegatingMethodAccessorImpl.java:43)
	at java.lang.reflect.Method.invoke(Method.java:497)
	at org.testng.internal.MethodInvocationHelper.invokeMethod(MethodInvocationHelper.java:85)
	at org.testng.internal.Invoker.invokeMethod(Invoker.java:648)
	at org.testng.internal.Invoker.invokeTestMethod(Invoker.java:834)
	at org.testng.internal.Invoker.invokeTestMethods(Invoker.java:1142)
	at org.testng.internal.TestMethodWorker.invokeTestMethods(TestMethodWorker.java:124)
	at org.testng.internal.TestMethodWorker.run(TestMethodWorker.java:108)
	at java.util.concurrent.ThreadPoolExecutor.runWorker(ThreadPoolExecutor.java:1142)
	at java.util.concurrent.ThreadPoolExecutor$Worker.run(ThreadPoolExecutor.java:617)
	at java.lang.Thread.run(Thread.java:745)
]]>
            </full-stacktrace>
          </exception> <!-- java.lang.AssertionError -->
          <reporter-output>
          </reporter-output>
        </test-method> <!-- testApp -->
        <test-method status="PASS" signature="afterMethod(java.lang.reflect.Method)[pri:0, instance:[SampleTest passed=0 failed=0 skipped=0]]" name="afterMethod" is-config="true" duration-ms="24" started-at="2015-11-17T04:02:12Z" finished-at="2015-11-17T04:02:12Z">
          <params>
            <param index="0">
              <value>
                <![CDATA[public void com.test.sample.SampleTest.testApp()]]>
              </value>
            </param>
          </params>
          <reporter-output>
          </reporter-output>
        </test-method> <!-- afterMethod -->
        <test-method status="PASS" signature="beforeMethod(java.lang.reflect.Method)[pri:0, instance:[SampleTest passed=0 failed=0 skipped=0]]" name="beforeMethod" is-config="true" duration-ms="0" started-at="2015-11-17T04:02:12Z" finished-at="2015-11-17T04:02:12Z">
          <params>
            <param index="0">
              <value>
                <![CDATA[public void com.test.sample.SampleTest.testApp1()]]>
              </value>
            </param>
          </params>
          <reporter-output>
          </reporter-output>
        </test-method> <!-- beforeMethod -->
        <test-method status="PASS" signature="testApp1()[pri:0, instance:[SampleTest passed=0 failed=0 skipped=0]]" name="testApp1" duration-ms="0" started-at="2015-11-17T04:02:12Z" finished-at="2015-11-17T04:02:12Z">
          <reporter-output>
          </reporter-output>
        </test-method> <!-- testApp1 -->
        <test-method status="PASS" signature="afterMethod(java.lang.reflect.Method)[pri:0, instance:[SampleTest passed=0 failed=0 skipped=0]]" name="afterMethod" is-config="true" duration-ms="4" started-at="2015-11-17T04:02:12Z" finished-at="2015-11-17T04:02:12Z">
          <params>
            <param index="0">
              <value>
                <![CDATA[public void com.test.sample.SampleTest.testApp1()]]>
              </value>
            </param>
          </params>
          <reporter-output>
          </reporter-output>
        </test-method> <!-- afterMethod -->
        <test-method status="PASS" signature="beforeMethod(java.lang.reflect.Method)[pri:0, instance:[SampleTest passed=0 failed=0 skipped=0]]" name="beforeMethod" is-config="true" duration-ms="0" started-at="2015-11-17T04:02:12Z" finished-at="2015-11-17T04:02:12Z">
          <params>
            <param index="0">
              <value>
                <![CDATA[public void com.test.sample.SampleTest.testApp2()]]>
              </value>
            </param>
          </params>
          <reporter-output>
          </reporter-output>
        </test-method> <!-- beforeMethod -->
        <test-method status="FAIL" signature="testApp2()[pri:0, instance:[SampleTest passed=0 failed=0 skipped=0]]" name="testApp2" duration-ms="0" started-at="2015-11-17T04:02:12Z" finished-at="2015-11-17T04:02:12Z">
          <exception class="java.lang.AssertionError">
            <full-stacktrace>
              <![CDATA[java.lang.AssertionError: 
	at org.testng.AssertJUnit.fail(AssertJUnit.java:59)
	at org.testng.AssertJUnit.assertTrue(AssertJUnit.java:24)
	at org.testng.AssertJUnit.assertTrue(AssertJUnit.java:33)
	at com.test.sample.SampleTest.testApp2(SampleTest.java:25)
	at sun.reflect.NativeMethodAccessorImpl.invoke0(Native Method)
	at sun.reflect.NativeMethodAccessorImpl.invoke(NativeMethodAccessorImpl.java:62)
	at sun.reflect.DelegatingMethodAccessorImpl.invoke(DelegatingMethodAccessorImpl.java:43)
	at java.lang.reflect.Method.invoke(Method.java:497)
	at org.testng.internal.MethodInvocationHelper.invokeMethod(MethodInvocationHelper.java:85)
	at org.testng.internal.Invoker.invokeMethod(Invoker.java:648)
	at org.testng.internal.Invoker.invokeTestMethod(Invoker.java:834)
	at org.testng.internal.Invoker.invokeTestMethods(Invoker.java:1142)
	at org.testng.internal.TestMethodWorker.invokeTestMethods(TestMethodWorker.java:124)
	at org.testng.internal.TestMethodWorker.run(TestMethodWorker.java:108)
	at java.util.concurrent.ThreadPoolExecutor.runWorker(ThreadPoolExecutor.java:1142)
	at java.util.concurrent.ThreadPoolExecutor$Worker.run(ThreadPoolExecutor.java:617)
	at java.lang.Thread.run(Thread.java:745)
]]>
            </full-stacktrace>
          </exception> <!-- java.lang.AssertionError -->
          <reporter-output>
          </reporter-output>
        </test-method> <!-- testApp2 -->
        <test-method status="PASS" signature="afterMethod(java.lang.reflect.Method)[pri:0, instance:[SampleTest passed=0 failed=0 skipped=0]]" name="afterMethod" is-config="true" duration-ms="5" started-at="2015-11-17T04:02:12Z" finished-at="2015-11-17T04:02:12Z">
          <params>
            <param index="0">
              <value>
                <![CDATA[public void com.test.sample.SampleTest.testApp2()]]>
              </value>
            </param>
          </params>
          <reporter-output>
          </reporter-output>
        </test-method> <!-- afterMethod -->
        <test-method status="PASS" signature="beforeMethod(java.lang.reflect.Method)[pri:0, instance:[SampleTest passed=0 failed=0 skipped=0]]" name="beforeMethod" is-config="true" duration-ms="3" started-at="2015-11-17T04:02:12Z" finished-at="2015-11-17T04:02:12Z">
          <params>
            <param index="0">
              <value>
                <![CDATA[public void com.test.sample.SampleTest.testApp3()]]>
              </value>
            </param>
          </params>
          <reporter-output>
          </reporter-output>
        </test-method> <!-- beforeMethod -->
        <test-method status="PASS" signature="testApp3()[pri:0, instance:[SampleTest passed=0 failed=0 skipped=0]]" name="testApp3" duration-ms="0" started-at="2015-11-17T04:02:12Z" finished-at="2015-11-17T04:02:12Z">
          <reporter-output>
          </reporter-output>
        </test-method> <!-- testApp3 -->
        <test-method status="PASS" signature="afterMethod(java.lang.reflect.Method)[pri:0, instance:[SampleTest passed=0 failed=0 skipped=0]]" name="afterMethod" is-config="true" duration-ms="3" started-at="2015-11-17T04:02:12Z" finished-at="2015-11-17T04:02:12Z">
          <params>
            <param index="0">
              <value>
                <![CDATA[public void com.test.sample.SampleTest.testApp3()]]>
              </value>
            </param>
          </params>
          <reporter-output>
          </reporter-output>
        </test-method> <!-- afterMethod -->
        <test-method status="PASS" signature="afterSuite()[pri:0, instance:[SampleTest passed=0 failed=0 skipped=0]]" name="afterSuite" is-config="true" duration-ms="36" started-at="2015-11-17T04:02:12Z" finished-at="2015-11-17T04:02:12Z">
          <reporter-output>
          </reporter-output>
        </test-method> <!-- afterSuite -->
      </class> <!-- com.test.sample.SampleTest -->
    </test> <!-- Test -->
  </suite> <!-- Suite -->
</testng-results>
